<?xml version="1.0" encoding="UTF-8"?>
<Site BuildName="(empty)"
	BuildStamp="20230912-0505-Experimental"
	Name="ran-desktop"
	Generator="ctest-3.22.1"
	CompilerName="/usr/bin/c++"
	CompilerVersion="11.4.0"
	OSName="Linux"
	Hostname="ran-desktop"
	OSRelease="6.2.0-32-generic"
	OSVersion="#32~22.04.1-Ubuntu SMP PREEMPT_DYNAMIC Fri Aug 18 10:40:13 UTC 2"
	OSPlatform="x86_64"
	Is64Bits="1"
	VendorString="GenuineIntel"
	VendorID="Intel Corporation"
	FamilyID="6"
	ModelID="167"
	ProcessorCacheSize="16384"
	NumberOfLogicalCPU="16"
	NumberOfPhysicalCPU="8"
	TotalVirtualMemory="2047"
	TotalPhysicalMemory="15799"
	LogicalProcessorsPerPhysical="2"
	ProcessorClockFrequency="1122.18"
	>
	<Testing>
		<StartDateTime>Sep 12 10:50 +0545</StartDateTime>
		<StartTestTime>1694495148</StartTestTime>
		<TestList/>
		<EndDateTime>Sep 12 10:50 +0545</EndDateTime>
		<EndTestTime>1694495148</EndTestTime>
		<ElapsedMinutes>0</ElapsedMinutes>
	</Testing>
</Site>
